-------------------------------------------------------------------------------
Test set: com.test.TestNGBasics
-------------------------------------------------------------------------------
Tests run: 1, Failures: 1, Errors: 0, Skipped: 0, Time elapsed: 12.204 sec <<< FAILURE!
validateTitle(com.test.TestNGBasics)  Time elapsed: 0.011 sec  <<< FAILURE!
java.lang.AssertionError: expected [Google1] but found [Google]
	at org.testng.Assert.fail(Assert.java:93)
	at org.testng.Assert.failNotEquals(Assert.java:512)
	at org.testng.Assert.assertEqualsImpl(Assert.java:134)
	at org.testng.Assert.assertEquals(Assert.java:115)
	at org.testng.Assert.assertEquals(Assert.java:189)
	at org.testng.Assert.assertEquals(Assert.java:199)
	at com.test.TestNGBasics.validateTitle(TestNGBasics.java:49)

