<?xml version="1.0" encoding="UTF-8"?>
<testng-results skipped="0" failed="1" ignored="0" total="1" passed="0">
  <reporter-output>
  </reporter-output>
  <suite name="TestNGDemo Test Automation Test Suite" duration-ms="11493" started-at="2020-08-24T21:58:20Z" finished-at="2020-08-24T21:58:31Z">
    <groups>
    </groups>
    <test name="TestNGDemo Test Cases" duration-ms="11493" started-at="2020-08-24T21:58:20Z" finished-at="2020-08-24T21:58:31Z">
      <class name="com.test.TestNGBasics">
        <test-method status="PASS" signature="setUp()[pri:0, instance:com.test.TestNGBasics@29ee9faa]" name="setUp" is-config="true" duration-ms="14" started-at="2020-08-24T17:58:20Z" finished-at="2020-08-24T17:58:20Z">
          <reporter-output>
          </reporter-output>
        </test-method> <!-- setUp -->
        <test-method status="PASS" signature="launchBrowser()[pri:0, instance:com.test.TestNGBasics@29ee9faa]" name="launchBrowser" is-config="true" duration-ms="6949" started-at="2020-08-24T17:58:20Z" finished-at="2020-08-24T17:58:27Z">
          <reporter-output>
          </reporter-output>
        </test-method> <!-- launchBrowser -->
        <test-method status="PASS" signature="enterURL()[pri:0, instance:com.test.TestNGBasics@29ee9faa]" name="enterURL" is-config="true" duration-ms="1223" started-at="2020-08-24T17:58:27Z" finished-at="2020-08-24T17:58:28Z">
          <reporter-output>
          </reporter-output>
        </test-method> <!-- enterURL -->
        <test-method status="PASS" signature="login()[pri:0, instance:com.test.TestNGBasics@29ee9faa]" name="login" is-config="true" duration-ms="2157" started-at="2020-08-24T17:58:28Z" finished-at="2020-08-24T17:58:30Z">
          <reporter-output>
          </reporter-output>
        </test-method> <!-- login -->
        <test-method status="FAIL" signature="validateTitle()[pri:0, instance:com.test.TestNGBasics@29ee9faa]" name="validateTitle" duration-ms="29" started-at="2020-08-24T17:58:30Z" finished-at="2020-08-24T17:58:30Z">
          <exception class="java.lang.AssertionError">
            <message>
              <![CDATA[expected [Google1] but found [Google]]]>
            </message>
            <full-stacktrace>
              <![CDATA[java.lang.AssertionError: expected [Google1] but found [Google]
	at org.testng.Assert.fail(Assert.java:93)
	at org.testng.Assert.failNotEquals(Assert.java:512)
	at org.testng.Assert.assertEqualsImpl(Assert.java:134)
	at org.testng.Assert.assertEquals(Assert.java:115)
	at org.testng.Assert.assertEquals(Assert.java:189)
	at org.testng.Assert.assertEquals(Assert.java:199)
	at com.test.TestNGBasics.validateTitle(TestNGBasics.java:49)
	at sun.reflect.NativeMethodAccessorImpl.invoke0(Native Method)
	at sun.reflect.NativeMethodAccessorImpl.invoke(NativeMethodAccessorImpl.java:62)
	at sun.reflect.DelegatingMethodAccessorImpl.invoke(DelegatingMethodAccessorImpl.java:43)
	at java.lang.reflect.Method.invoke(Method.java:498)
	at org.testng.internal.MethodInvocationHelper.invokeMethod(MethodInvocationHelper.java:108)
	at org.testng.internal.Invoker.invokeMethod(Invoker.java:661)
	at org.testng.internal.Invoker.invokeTestMethod(Invoker.java:869)
	at org.testng.internal.Invoker.invokeTestMethods(Invoker.java:1193)
	at org.testng.internal.TestMethodWorker.invokeTestMethods(TestMethodWorker.java:126)
	at org.testng.internal.TestMethodWorker.run(TestMethodWorker.java:109)
	at org.testng.TestRunner.privateRun(TestRunner.java:744)
	at org.testng.TestRunner.run(TestRunner.java:602)
	at org.testng.SuiteRunner.runTest(SuiteRunner.java:380)
	at org.testng.SuiteRunner.runSequentially(SuiteRunner.java:375)
	at org.testng.SuiteRunner.privateRun(SuiteRunner.java:340)
	at org.testng.SuiteRunner.run(SuiteRunner.java:289)
	at org.testng.SuiteRunnerWorker.runSuite(SuiteRunnerWorker.java:52)
	at org.testng.SuiteRunnerWorker.run(SuiteRunnerWorker.java:86)
	at org.testng.TestNG.runSuitesSequentially(TestNG.java:1301)
	at org.testng.TestNG.runSuitesLocally(TestNG.java:1226)
	at org.testng.TestNG.runSuites(TestNG.java:1144)
	at org.testng.TestNG.run(TestNG.java:1115)
	at org.testng.remote.AbstractRemoteTestNG.run(AbstractRemoteTestNG.java:115)
	at org.testng.remote.RemoteTestNG.initAndRun(RemoteTestNG.java:251)
	at org.testng.remote.RemoteTestNG.main(RemoteTestNG.java:77)
]]>
            </full-stacktrace>
          </exception> <!-- java.lang.AssertionError -->
          <reporter-output>
          </reporter-output>
        </test-method> <!-- validateTitle -->
        <test-method status="PASS" signature="ClearCoockies()[pri:0, instance:com.test.TestNGBasics@29ee9faa]" name="ClearCoockies" is-config="true" duration-ms="307" started-at="2020-08-24T17:58:30Z" finished-at="2020-08-24T17:58:31Z">
          <reporter-output>
          </reporter-output>
        </test-method> <!-- ClearCoockies -->
        <test-method status="PASS" signature="logout()[pri:0, instance:com.test.TestNGBasics@29ee9faa]" name="logout" is-config="true" duration-ms="0" started-at="2020-08-24T17:58:30Z" finished-at="2020-08-24T17:58:30Z">
          <reporter-output>
          </reporter-output>
        </test-method> <!-- logout -->
        <test-method status="PASS" signature="closeBrowser()[pri:0, instance:com.test.TestNGBasics@29ee9faa]" name="closeBrowser" is-config="true" duration-ms="794" started-at="2020-08-24T17:58:31Z" finished-at="2020-08-24T17:58:31Z">
          <reporter-output>
          </reporter-output>
        </test-method> <!-- closeBrowser -->
      </class> <!-- com.test.TestNGBasics -->
    </test> <!-- TestNGDemo Test Cases -->
  </suite> <!-- TestNGDemo Test Automation Test Suite -->
</testng-results>
